Using pre-set license
Built from '2021.3/staging' branch; Version is '2021.3.5f1 (40eb3a945986) revision 4254522'; Using compiler version '192829333'; Build Type 'Release'
OS: 'Windows 10  (10.0.19044) 64bit Professional' Language: 'es' Physical Memory: 16310 MB
BatchMode: 1, IsHumanControllingUs: 0, StartBugReporterOnCrash: 0, Is64bit: 1, IsPro: 1

COMMAND LINE ARGUMENTS:
C:\Program Files\Unity\Hub\Editor\2021.3.5f1\Editor\Unity.exe
-adb2
-batchMode
-noUpm
-name
AssetImportWorker0
-projectPath
F:/Repos/rpg/RPG
-logFile
Logs/AssetImportWorker0.log
-srvPort
22342
Successfully changed project path to: F:/Repos/rpg/RPG
F:/Repos/rpg/RPG
[UnityMemory] Configuration Parameters - Can be set up in boot.config
    "memorysetup-bucket-allocator-granularity=16"
    "memorysetup-bucket-allocator-bucket-count=8"
    "memorysetup-bucket-allocator-block-size=33554432"
    "memorysetup-bucket-allocator-block-count=8"
    "memorysetup-main-allocator-block-size=16777216"
    "memorysetup-thread-allocator-block-size=16777216"
    "memorysetup-gfx-main-allocator-block-size=16777216"
    "memorysetup-gfx-thread-allocator-block-size=16777216"
    "memorysetup-cache-allocator-block-size=4194304"
    "memorysetup-typetree-allocator-block-size=2097152"
    "memorysetup-profiler-bucket-allocator-granularity=16"
    "memorysetup-profiler-bucket-allocator-bucket-count=8"
    "memorysetup-profiler-bucket-allocator-block-size=33554432"
    "memorysetup-profiler-bucket-allocator-block-count=8"
    "memorysetup-profiler-allocator-block-size=16777216"
    "memorysetup-profiler-editor-allocator-block-size=1048576"
    "memorysetup-temp-allocator-size-main=16777216"
    "memorysetup-job-temp-allocator-block-size=2097152"
    "memorysetup-job-temp-allocator-block-size-background=1048576"
    "memorysetup-job-temp-allocator-reduction-small-platforms=262144"
    "memorysetup-temp-allocator-size-background-worker=32768"
    "memorysetup-temp-allocator-size-job-worker=262144"
    "memorysetup-temp-allocator-size-preload-manager=33554432"
    "memorysetup-temp-allocator-size-nav-mesh-worker=65536"
    "memorysetup-temp-allocator-size-audio-worker=65536"
    "memorysetup-temp-allocator-size-cloud-worker=32768"
    "memorysetup-temp-allocator-size-gi-baking-worker=262144"
    "memorysetup-temp-allocator-size-gfx=262144"
Refreshing native plugins compatible for Editor in 95.42 ms, found 4 plugins.
Preloading 0 native plugins for Editor in 0.00 ms.
Initialize engine version: 2021.3.5f1 (40eb3a945986)
[Subsystems] Discovering subsystems at path C:/Program Files/Unity/Hub/Editor/2021.3.5f1/Editor/Data/Resources/UnitySubsystems
[Subsystems] Discovering subsystems at path F:/Repos/rpg/RPG/Assets
GfxDevice: creating device client; threaded=0; jobified=0
Direct3D:
    Version:  Direct3D 11.0 [level 11.1]
    Renderer: AMD Radeon RX 6600 XT (ID=0x73ff)
    Vendor:   ATI
    VRAM:     8147 MB
    Driver:   30.0.15021.11005
Initialize mono
Mono path[0] = 'C:/Program Files/Unity/Hub/Editor/2021.3.5f1/Editor/Data/Managed'
Mono path[1] = 'C:/Program Files/Unity/Hub/Editor/2021.3.5f1/Editor/Data/MonoBleedingEdge/lib/mono/unityjit-win32'
Mono config path = 'C:/Program Files/Unity/Hub/Editor/2021.3.5f1/Editor/Data/MonoBleedingEdge/etc'
Using monoOptions --debugger-agent=transport=dt_socket,embedding=1,server=y,suspend=n,address=127.0.0.1:56392
Begin MonoManager ReloadAssembly
Registering precompiled unity dll's ...
Register platform support module: C:/Program Files/Unity/Hub/Editor/2021.3.5f1/Editor/Data/PlaybackEngines/AndroidPlayer/UnityEditor.Android.Extensions.dll
Register platform support module: C:/Program Files/Unity/Hub/Editor/2021.3.5f1/Editor/Data/PlaybackEngines/WindowsStandaloneSupport/UnityEditor.WindowsStandalone.Extensions.dll
Registered in 0.007098 seconds.
Native extension for WindowsStandalone target not found
Native extension for Android target not found
Refreshing native plugins compatible for Editor in 91.77 ms, found 4 plugins.
Preloading 0 native plugins for Editor in 0.00 ms.
Mono: successfully reloaded assembly
- Completed reload, in  0.588 seconds
Domain Reload Profiling:
	ReloadAssembly (588ms)
		BeginReloadAssembly (65ms)
			ExecutionOrderSort (0ms)
			DisableScriptedObjects (0ms)
			BackupInstance (0ms)
			ReleaseScriptingObjects (0ms)
			CreateAndSetChildDomain (1ms)
		EndReloadAssembly (425ms)
			LoadAssemblies (63ms)
			RebuildTransferFunctionScriptingTraits (0ms)
			SetupTypeCache (94ms)
			ReleaseScriptCaches (0ms)
			RebuildScriptCaches (24ms)
			SetupLoadedEditorAssemblies (262ms)
				LogAssemblyErrors (0ms)
				InitializePlatformSupportModulesInManaged (51ms)
				SetLoadedEditorAssemblies (0ms)
				RefreshPlugins (92ms)
				BeforeProcessingInitializeOnLoad (1ms)
				ProcessInitializeOnLoadAttributes (79ms)
				ProcessInitializeOnLoadMethodAttributes (38ms)
				AfterProcessingInitializeOnLoad (0ms)
				EditorAssembliesLoaded (0ms)
			ExecutionOrderSort2 (0ms)
			AwakeInstancesAfterBackupRestoration (0ms)
Platform modules already initialized, skipping
Registering precompiled user dll's ...
Registered in 0.005334 seconds.
Begin MonoManager ReloadAssembly
Symbol file LoadedFromMemory doesn't match image F:\Repos\rpg\RPG\Library\PackageCache\com.unity.visualscripting@1.7.8\Editor\VisualScripting.Core\Dependencies\YamlDotNet\Unity.VisualScripting.YamlDotNet.dll
Symbol file LoadedFromMemory doesn't match image F:\Repos\rpg\RPG\Library\PackageCache\com.unity.visualscripting@1.7.8\Editor\VisualScripting.Core\Dependencies\DotNetZip\Unity.VisualScripting.IonicZip.dll
Native extension for WindowsStandalone target not found
Native extension for Android target not found
Refreshing native plugins compatible for Editor in 78.12 ms, found 4 plugins.
Preloading 0 native plugins for Editor in 0.00 ms.
Mono: successfully reloaded assembly
- Completed reload, in  1.088 seconds
Domain Reload Profiling:
	ReloadAssembly (1089ms)
		BeginReloadAssembly (207ms)
			ExecutionOrderSort (0ms)
			DisableScriptedObjects (5ms)
			BackupInstance (0ms)
			ReleaseScriptingObjects (0ms)
			CreateAndSetChildDomain (127ms)
		EndReloadAssembly (782ms)
			LoadAssemblies (75ms)
			RebuildTransferFunctionScriptingTraits (0ms)
			SetupTypeCache (218ms)
			ReleaseScriptCaches (1ms)
			RebuildScriptCaches (47ms)
			SetupLoadedEditorAssemblies (406ms)
				LogAssemblyErrors (0ms)
				InitializePlatformSupportModulesInManaged (12ms)
				SetLoadedEditorAssemblies (0ms)
				RefreshPlugins (78ms)
				BeforeProcessingInitializeOnLoad (84ms)
				ProcessInitializeOnLoadAttributes (187ms)
				ProcessInitializeOnLoadMethodAttributes (37ms)
				AfterProcessingInitializeOnLoad (7ms)
				EditorAssembliesLoaded (0ms)
			ExecutionOrderSort2 (0ms)
			AwakeInstancesAfterBackupRestoration (6ms)
Platform modules already initialized, skipping
========================================================================
Worker process is ready to serve import requests
Launched and connected shader compiler UnityShaderCompiler.exe after 0.04 seconds
Refreshing native plugins compatible for Editor in 0.59 ms, found 4 plugins.
Preloading 0 native plugins for Editor in 0.00 ms.
Unloading 4057 Unused Serialized files (Serialized files now loaded: 0)
Unloading 44 unused Assets / (222.4 KB). Loaded Objects now: 4508.
Memory consumption went from 150.9 MB to 150.7 MB.
Total: 3.523300 ms (FindLiveObjects: 0.666400 ms CreateObjectMapping: 0.141100 ms MarkObjects: 2.586600 ms  DeleteObjects: 0.128100 ms)

AssetImportParameters requested are different than current active one (requested -> active):
  custom:video-decoder-ogg-theora: a1e56fd34408186e4bbccfd4996cb3dc -> 
  custom:container-muxer-webm: aa71ff27fc2769a1b78a27578f13a17b -> 
  custom:container-demuxer-webm: 4f35f7cbe854078d1ac9338744f61a02 -> 
  custom:video-encoder-webm-vp8: eb34c28f22e8b96e1ab97ce403110664 -> 
  custom:audio-encoder-webm-vorbis: bf7c407c2cedff20999df2af8eb42d56 -> 
  custom:framework-win-MediaFoundation: 216162199b28c13a410421893ffa2e32 -> 
  custom:container-demuxer-ogg: 62fdf1f143b41e24485cea50d1cbac27 -> 
  custom:video-decoder-webm-vp8: 9c59270c3fd7afecdb556c50c9e8de78 -> 
  custom:audio-decoder-ogg-vorbis: bf7c407c2cedff20999df2af8eb42d56 -> 
========================================================================
Received Import Request.
  Time since last request: 26712.052838 seconds.
  path: Assets/Sprites
  artifactKey: Guid(d79352351012893429697915462be329) Importer(815301076,1909f56bfc062723c751e8b465ee728b)
Start importing Assets/Sprites using Guid(d79352351012893429697915462be329) Importer(815301076,1909f56bfc062723c751e8b465ee728b)  -> (artifact id: '257e233bc9c02cf335139f7533bf58fe') in 0.078251 seconds 
========================================================================
Received Import Request.
  Time since last request: 9.057474 seconds.
  path: Assets/Sprites/Characters
  artifactKey: Guid(84c7888daa1146b43893550a1a10fed3) Importer(815301076,1909f56bfc062723c751e8b465ee728b)
Start importing Assets/Sprites/Characters using Guid(84c7888daa1146b43893550a1a10fed3) Importer(815301076,1909f56bfc062723c751e8b465ee728b)  -> (artifact id: '1ef42f2caf0f0327d3c2d5c93763553c') in 0.118434 seconds 
========================================================================
Received Import Request.
  Time since last request: 15.017301 seconds.
  path: Assets/Sprites/Enemies
  artifactKey: Guid(f94347e764c35524180f8747431779e2) Importer(815301076,1909f56bfc062723c751e8b465ee728b)
Start importing Assets/Sprites/Enemies using Guid(f94347e764c35524180f8747431779e2) Importer(815301076,1909f56bfc062723c751e8b465ee728b)  -> (artifact id: 'b99a9cc5d44e870b5c8133eb1475c3fd') in 0.004914 seconds 
========================================================================
Received Import Request.
  Time since last request: 9.061176 seconds.
  path: Assets/Sprites/Tiles
  artifactKey: Guid(078d5071ad30a2048bae2e8f152be1a0) Importer(815301076,1909f56bfc062723c751e8b465ee728b)
Start importing Assets/Sprites/Tiles using Guid(078d5071ad30a2048bae2e8f152be1a0) Importer(815301076,1909f56bfc062723c751e8b465ee728b)  -> (artifact id: 'bbb083012214e60eaafcb5e563d7a23e') in 0.004699 seconds 
========================================================================
Received Import Request.
  Time since last request: 25.772355 seconds.
  path: Assets/Sprites/Backgrounds
  artifactKey: Guid(0c142f8d72137e54098825d16ace4712) Importer(815301076,1909f56bfc062723c751e8b465ee728b)
Start importing Assets/Sprites/Backgrounds using Guid(0c142f8d72137e54098825d16ace4712) Importer(815301076,1909f56bfc062723c751e8b465ee728b)  -> (artifact id: '894ad4d9745d85b3cfad43ba3f52a2df') in 0.004830 seconds 
========================================================================
Received Import Request.
  Time since last request: 261.698632 seconds.
  path: Assets/Sprites/Characters/_Attack.png
  artifactKey: Guid(2116b85cf79510c4590740b611f136de) Importer(815301076,1909f56bfc062723c751e8b465ee728b)
Start importing Assets/Sprites/Characters/_Attack.png using Guid(2116b85cf79510c4590740b611f136de) Importer(815301076,1909f56bfc062723c751e8b465ee728b)  -> (artifact id: '52ce72eaac48807f373f40360eeee805') in 0.129291 seconds 
========================================================================
Received Import Request.
  Time since last request: 0.000021 seconds.
  path: Assets/Sprites/Characters/_WallClimb.png
  artifactKey: Guid(25060fa1a6132f84ea9e21b04e8ae3b5) Importer(815301076,1909f56bfc062723c751e8b465ee728b)
Start importing Assets/Sprites/Characters/_WallClimb.png using Guid(25060fa1a6132f84ea9e21b04e8ae3b5) Importer(815301076,1909f56bfc062723c751e8b465ee728b)  -> (artifact id: 'ac70b36a4ff858f74e44f68bae1f4355') in 0.018976 seconds 
========================================================================
Received Import Request.
  Time since last request: 0.000022 seconds.
  path: Assets/Sprites/Characters/_Hit.png
  artifactKey: Guid(e27b15915deef8545a3977acb90af197) Importer(815301076,1909f56bfc062723c751e8b465ee728b)
Start importing Assets/Sprites/Characters/_Hit.png using Guid(e27b15915deef8545a3977acb90af197) Importer(815301076,1909f56bfc062723c751e8b465ee728b)  -> (artifact id: '9c0fe12f52c8c6ec001aae03d9431664') in 0.014753 seconds 
========================================================================
Received Import Request.
  Time since last request: 0.000029 seconds.
  path: Assets/Sprites/Characters/_DeathNoMovement.png
  artifactKey: Guid(b20a4aa8aca6e5b46a1fa3a80719b066) Importer(815301076,1909f56bfc062723c751e8b465ee728b)
Start importing Assets/Sprites/Characters/_DeathNoMovement.png using Guid(b20a4aa8aca6e5b46a1fa3a80719b066) Importer(815301076,1909f56bfc062723c751e8b465ee728b)  -> (artifact id: 'b2afe042c313700726db227b19771a0d') in 0.020867 seconds 
========================================================================
Received Import Request.
  Time since last request: 0.000023 seconds.
  path: Assets/Sprites/Characters/_Death.png
  artifactKey: Guid(7b63f44b3f323dc45b2e4533a8358ca7) Importer(815301076,1909f56bfc062723c751e8b465ee728b)
Start importing Assets/Sprites/Characters/_Death.png using Guid(7b63f44b3f323dc45b2e4533a8358ca7) Importer(815301076,1909f56bfc062723c751e8b465ee728b)  -> (artifact id: '22b1023b1d4621b987f4d313fe4bd515') in 0.016415 seconds 
========================================================================
Received Import Request.
  Time since last request: 0.000017 seconds.
  path: Assets/Sprites/Characters/_CrouchTransition.png
  artifactKey: Guid(535f67a9958087442ba63ba691fc98cf) Importer(815301076,1909f56bfc062723c751e8b465ee728b)
Start importing Assets/Sprites/Characters/_CrouchTransition.png using Guid(535f67a9958087442ba63ba691fc98cf) Importer(815301076,1909f56bfc062723c751e8b465ee728b)  -> (artifact id: '184214d27027b08b84f65a84f181d628') in 0.011720 seconds 
========================================================================
Received Import Request.
  Time since last request: 0.000038 seconds.
  path: Assets/Sprites/Characters/_AttackComboNoMovement.png
  artifactKey: Guid(6edbca0fa74aba649844f597e3c4eafd) Importer(815301076,1909f56bfc062723c751e8b465ee728b)
Start importing Assets/Sprites/Characters/_AttackComboNoMovement.png using Guid(6edbca0fa74aba649844f597e3c4eafd) Importer(815301076,1909f56bfc062723c751e8b465ee728b)  -> (artifact id: '6dcda7a7bca2dc6952257baf2bb61025') in 0.108661 seconds 
========================================================================
Received Import Request.
  Time since last request: 0.000022 seconds.
  path: Assets/Sprites/Characters/_TurnAround.png
  artifactKey: Guid(d0103bbc4f0188e4597acae560da078b) Importer(815301076,1909f56bfc062723c751e8b465ee728b)
Start importing Assets/Sprites/Characters/_TurnAround.png using Guid(d0103bbc4f0188e4597acae560da078b) Importer(815301076,1909f56bfc062723c751e8b465ee728b)  -> (artifact id: '08935b200f60a6b5855fd66ae45141a1') in 0.020072 seconds 
========================================================================
Received Import Request.
  Time since last request: 0.000039 seconds.
  path: Assets/Sprites/Characters/_SlideTransitionEnd.png
  artifactKey: Guid(9e685bfb465750341be4ce52a2c61ce4) Importer(815301076,1909f56bfc062723c751e8b465ee728b)
Start importing Assets/Sprites/Characters/_SlideTransitionEnd.png using Guid(9e685bfb465750341be4ce52a2c61ce4) Importer(815301076,1909f56bfc062723c751e8b465ee728b)  -> (artifact id: '69eb37fd44caa573a38c6a3d76245421') in 0.014787 seconds 
========================================================================
Received Import Request.
  Time since last request: 0.000038 seconds.
  path: Assets/Sprites/Characters/_Slide.png
  artifactKey: Guid(9a734a46d9aee4e43bcbedb49d63b744) Importer(815301076,1909f56bfc062723c751e8b465ee728b)
Start importing Assets/Sprites/Characters/_Slide.png using Guid(9a734a46d9aee4e43bcbedb49d63b744) Importer(815301076,1909f56bfc062723c751e8b465ee728b)  -> (artifact id: '72e12264b33bfa3092af77495fdfb0c8') in 0.016138 seconds 
========================================================================
Received Import Request.
  Time since last request: 0.000040 seconds.
  path: Assets/Sprites/Characters/_Idle.png
  artifactKey: Guid(3bef09e6849b29c428af63a40df16f6d) Importer(815301076,1909f56bfc062723c751e8b465ee728b)
Start importing Assets/Sprites/Characters/_Idle.png using Guid(3bef09e6849b29c428af63a40df16f6d) Importer(815301076,1909f56bfc062723c751e8b465ee728b)  -> (artifact id: '2fb27b04e70e43dc3dab7c322992b470') in 0.017641 seconds 
========================================================================
Received Import Request.
  Time since last request: 0.000046 seconds.
  path: Assets/Sprites/Characters/_CrouchFull.png
  artifactKey: Guid(c7452006a2442164d932ce369defe7f9) Importer(815301076,1909f56bfc062723c751e8b465ee728b)
Start importing Assets/Sprites/Characters/_CrouchFull.png using Guid(c7452006a2442164d932ce369defe7f9) Importer(815301076,1909f56bfc062723c751e8b465ee728b)  -> (artifact id: '5ffb31ae247de4276e127ae951e29ac0') in 0.015682 seconds 
========================================================================
Received Import Request.
  Time since last request: 0.000026 seconds.
  path: Assets/Sprites/Characters/_CrouchAttack.png
  artifactKey: Guid(3338e3f02f060c44abd1ab3477b84c28) Importer(815301076,1909f56bfc062723c751e8b465ee728b)
Start importing Assets/Sprites/Characters/_CrouchAttack.png using Guid(3338e3f02f060c44abd1ab3477b84c28) Importer(815301076,1909f56bfc062723c751e8b465ee728b)  -> (artifact id: '49fd7b5137c9569eaa8dccc181046f0b') in 0.015552 seconds 
========================================================================
Received Import Request.
  Time since last request: 0.000023 seconds.
  path: Assets/Sprites/Characters/_WallHang.png
  artifactKey: Guid(cceeea1c453ab124fb51fae7be3395a3) Importer(815301076,1909f56bfc062723c751e8b465ee728b)
Start importing Assets/Sprites/Characters/_WallHang.png using Guid(cceeea1c453ab124fb51fae7be3395a3) Importer(815301076,1909f56bfc062723c751e8b465ee728b)  -> (artifact id: '3abce18bde150f496eb67ac7cc9c5e1b') in 0.013813 seconds 
========================================================================
Received Import Request.
  Time since last request: 0.000022 seconds.
  path: Assets/Sprites/Characters/_AttackCombo2hit.png
  artifactKey: Guid(ecf657f144bbf7a4f890fd2a31916743) Importer(815301076,1909f56bfc062723c751e8b465ee728b)
Start importing Assets/Sprites/Characters/_AttackCombo2hit.png using Guid(ecf657f144bbf7a4f890fd2a31916743) Importer(815301076,1909f56bfc062723c751e8b465ee728b)  -> (artifact id: '58c99a268db07c9123a412f8028807b1') in 0.017852 seconds 
========================================================================
Received Import Request.
  Time since last request: 37.000329 seconds.
  path: Assets/Sprites/Characters/_CrouchWalk.png
  artifactKey: Guid(72043f1a393573948921d5187bd67559) Importer(815301076,1909f56bfc062723c751e8b465ee728b)
Start importing Assets/Sprites/Characters/_CrouchWalk.png using Guid(72043f1a393573948921d5187bd67559) Importer(815301076,1909f56bfc062723c751e8b465ee728b)  -> (artifact id: '4b6ba13140217c29eee148dc724393e0') in 0.019485 seconds 
========================================================================
Received Import Request.
  Time since last request: 0.000026 seconds.
  path: Assets/Sprites/Characters/_WallClimb.png
  artifactKey: Guid(25060fa1a6132f84ea9e21b04e8ae3b5) Importer(815301076,1909f56bfc062723c751e8b465ee728b)
Start importing Assets/Sprites/Characters/_WallClimb.png using Guid(25060fa1a6132f84ea9e21b04e8ae3b5) Importer(815301076,1909f56bfc062723c751e8b465ee728b)  -> (artifact id: '702479de8d2f9e71fc674cac9e11c884') in 0.010476 seconds 
========================================================================
Received Import Request.
  Time since last request: 0.000020 seconds.
  path: Assets/Sprites/Characters/_Hit.png
  artifactKey: Guid(e27b15915deef8545a3977acb90af197) Importer(815301076,1909f56bfc062723c751e8b465ee728b)
Start importing Assets/Sprites/Characters/_Hit.png using Guid(e27b15915deef8545a3977acb90af197) Importer(815301076,1909f56bfc062723c751e8b465ee728b)  -> (artifact id: '8b9f97cdc49fbd597383a29ce1abe8b2') in 0.011513 seconds 
========================================================================
Received Import Request.
  Time since last request: 0.000023 seconds.
  path: Assets/Sprites/Characters/_Death.png
  artifactKey: Guid(7b63f44b3f323dc45b2e4533a8358ca7) Importer(815301076,1909f56bfc062723c751e8b465ee728b)
Start importing Assets/Sprites/Characters/_Death.png using Guid(7b63f44b3f323dc45b2e4533a8358ca7) Importer(815301076,1909f56bfc062723c751e8b465ee728b)  -> (artifact id: '432dc0bbe19b092e7a9449dfc27c814d') in 0.015825 seconds 
========================================================================
Received Import Request.
  Time since last request: 0.000032 seconds.
  path: Assets/Sprites/Characters/_SlideTransitionStart.png
  artifactKey: Guid(bf9311474f6d8f74b8d6d5975f717fb8) Importer(815301076,1909f56bfc062723c751e8b465ee728b)
Start importing Assets/Sprites/Characters/_SlideTransitionStart.png using Guid(bf9311474f6d8f74b8d6d5975f717fb8) Importer(815301076,1909f56bfc062723c751e8b465ee728b)  -> (artifact id: '60d36cbff44f5ee939ce3f8f2c2e9ccb') in 0.010289 seconds 
========================================================================
Received Import Request.
  Time since last request: 0.000021 seconds.
  path: Assets/Sprites/Characters/_Idle.png
  artifactKey: Guid(3bef09e6849b29c428af63a40df16f6d) Importer(815301076,1909f56bfc062723c751e8b465ee728b)
Start importing Assets/Sprites/Characters/_Idle.png using Guid(3bef09e6849b29c428af63a40df16f6d) Importer(815301076,1909f56bfc062723c751e8b465ee728b)  -> (artifact id: '182cc89aa558d9d5f0c45195a75d4fbf') in 0.010189 seconds 
========================================================================
Received Import Request.
  Time since last request: 0.000026 seconds.
  path: Assets/Sprites/Characters/_JumpFallInbetween.png
  artifactKey: Guid(d35ca1ed9457def4ea424881f1aa8e32) Importer(815301076,1909f56bfc062723c751e8b465ee728b)
Start importing Assets/Sprites/Characters/_JumpFallInbetween.png using Guid(d35ca1ed9457def4ea424881f1aa8e32) Importer(815301076,1909f56bfc062723c751e8b465ee728b)  -> (artifact id: 'b0d6f8cf7cab615eef539cd83324a24b') in 0.010384 seconds 
========================================================================
Received Import Request.
  Time since last request: 1.747040 seconds.
  path: Assets/Sprites/Characters/_Attack2.png
  artifactKey: Guid(7824cd18e5ae1ed4c9f516161032fc8b) Importer(815301076,1909f56bfc062723c751e8b465ee728b)
Start importing Assets/Sprites/Characters/_Attack2.png using Guid(7824cd18e5ae1ed4c9f516161032fc8b) Importer(815301076,1909f56bfc062723c751e8b465ee728b)  -> (artifact id: '0fc732af0d694286145db32a842a3541') in 0.011505 seconds 
========================================================================
Received Import Request.
  Time since last request: 0.000014 seconds.
  path: Assets/Sprites/Characters/_AttackComboNoMovement.png
  artifactKey: Guid(6edbca0fa74aba649844f597e3c4eafd) Importer(815301076,1909f56bfc062723c751e8b465ee728b)
Start importing Assets/Sprites/Characters/_AttackComboNoMovement.png using Guid(6edbca0fa74aba649844f597e3c4eafd) Importer(815301076,1909f56bfc062723c751e8b465ee728b)  -> (artifact id: '43f5066dba04f04e78562f4f26d3e5c6') in 0.009019 seconds 
========================================================================
Received Import Request.
  Time since last request: 0.000020 seconds.
  path: Assets/Sprites/Characters/_CrouchAttack.png
  artifactKey: Guid(3338e3f02f060c44abd1ab3477b84c28) Importer(815301076,1909f56bfc062723c751e8b465ee728b)
Start importing Assets/Sprites/Characters/_CrouchAttack.png using Guid(3338e3f02f060c44abd1ab3477b84c28) Importer(815301076,1909f56bfc062723c751e8b465ee728b)  -> (artifact id: '0760d1a60bbd51d2c9e259b8f524cf97') in 0.011409 seconds 
========================================================================
Received Prepare
Registering precompiled user dll's ...
Registered in 0.007246 seconds.
Begin MonoManager ReloadAssembly
Symbol file LoadedFromMemory doesn't match image F:\Repos\rpg\RPG\Library\PackageCache\com.unity.visualscripting@1.7.8\Editor\VisualScripting.Core\Dependencies\YamlDotNet\Unity.VisualScripting.YamlDotNet.dll
Symbol file LoadedFromMemory doesn't match image F:\Repos\rpg\RPG\Library\PackageCache\com.unity.visualscripting@1.7.8\Editor\VisualScripting.Core\Dependencies\DotNetZip\Unity.VisualScripting.IonicZip.dll
Native extension for WindowsStandalone target not found
Native extension for Android target not found
Refreshing native plugins compatible for Editor in 0.77 ms, found 4 plugins.
Preloading 0 native plugins for Editor in 0.00 ms.
Mono: successfully reloaded assembly
- Completed reload, in  1.016 seconds
Domain Reload Profiling:
	ReloadAssembly (1018ms)
		BeginReloadAssembly (270ms)
			ExecutionOrderSort (0ms)
			DisableScriptedObjects (45ms)
			BackupInstance (0ms)
			ReleaseScriptingObjects (0ms)
			CreateAndSetChildDomain (111ms)
		EndReloadAssembly (661ms)
			LoadAssemblies (85ms)
			RebuildTransferFunctionScriptingTraits (0ms)
			SetupTypeCache (216ms)
			ReleaseScriptCaches (2ms)
			RebuildScriptCaches (41ms)
			SetupLoadedEditorAssemblies (291ms)
				LogAssemblyErrors (0ms)
				InitializePlatformSupportModulesInManaged (21ms)
				SetLoadedEditorAssemblies (1ms)
				RefreshPlugins (1ms)
				BeforeProcessingInitializeOnLoad (64ms)
				ProcessInitializeOnLoadAttributes (165ms)
				ProcessInitializeOnLoadMethodAttributes (33ms)
				AfterProcessingInitializeOnLoad (7ms)
				EditorAssembliesLoaded (0ms)
			ExecutionOrderSort2 (0ms)
			AwakeInstancesAfterBackupRestoration (8ms)
Platform modules already initialized, skipping
Refreshing native plugins compatible for Editor in 1.86 ms, found 4 plugins.
Preloading 0 native plugins for Editor in 0.00 ms.
Unloading 4053 Unused Serialized files (Serialized files now loaded: 0)
Unloading 31 unused Assets / (189.5 KB). Loaded Objects now: 4534.
Memory consumption went from 155.3 MB to 155.1 MB.
Total: 3.820600 ms (FindLiveObjects: 0.365800 ms CreateObjectMapping: 0.104200 ms MarkObjects: 3.074200 ms  DeleteObjects: 0.274700 ms)

AssetImportParameters requested are different than current active one (requested -> active):
  custom:video-decoder-ogg-theora: a1e56fd34408186e4bbccfd4996cb3dc -> 
  custom:container-muxer-webm: aa71ff27fc2769a1b78a27578f13a17b -> 
  custom:container-demuxer-webm: 4f35f7cbe854078d1ac9338744f61a02 -> 
  custom:video-encoder-webm-vp8: eb34c28f22e8b96e1ab97ce403110664 -> 
  custom:audio-encoder-webm-vorbis: bf7c407c2cedff20999df2af8eb42d56 -> 
  custom:framework-win-MediaFoundation: 216162199b28c13a410421893ffa2e32 -> 
  custom:container-demuxer-ogg: 62fdf1f143b41e24485cea50d1cbac27 -> 
  custom:video-decoder-webm-vp8: 9c59270c3fd7afecdb556c50c9e8de78 -> 
  custom:audio-decoder-ogg-vorbis: bf7c407c2cedff20999df2af8eb42d56 -> 
========================================================================
Received Prepare
Registering precompiled user dll's ...
Registered in 0.004604 seconds.
Begin MonoManager ReloadAssembly
Symbol file LoadedFromMemory doesn't match image F:\Repos\rpg\RPG\Library\PackageCache\com.unity.visualscripting@1.7.8\Editor\VisualScripting.Core\Dependencies\YamlDotNet\Unity.VisualScripting.YamlDotNet.dll
Symbol file LoadedFromMemory doesn't match image F:\Repos\rpg\RPG\Library\PackageCache\com.unity.visualscripting@1.7.8\Editor\VisualScripting.Core\Dependencies\DotNetZip\Unity.VisualScripting.IonicZip.dll
Native extension for WindowsStandalone target not found
Native extension for Android target not found
Refreshing native plugins compatible for Editor in 0.74 ms, found 4 plugins.
Preloading 0 native plugins for Editor in 0.00 ms.
Mono: successfully reloaded assembly
- Completed reload, in  0.848 seconds
Domain Reload Profiling:
	ReloadAssembly (849ms)
		BeginReloadAssembly (119ms)
			ExecutionOrderSort (0ms)
			DisableScriptedObjects (6ms)
			BackupInstance (0ms)
			ReleaseScriptingObjects (0ms)
			CreateAndSetChildDomain (33ms)
		EndReloadAssembly (643ms)
			LoadAssemblies (74ms)
			RebuildTransferFunctionScriptingTraits (0ms)
			SetupTypeCache (205ms)
			ReleaseScriptCaches (1ms)
			RebuildScriptCaches (38ms)
			SetupLoadedEditorAssemblies (290ms)
				LogAssemblyErrors (0ms)
				InitializePlatformSupportModulesInManaged (20ms)
				SetLoadedEditorAssemblies (0ms)
				RefreshPlugins (1ms)
				BeforeProcessingInitializeOnLoad (67ms)
				ProcessInitializeOnLoadAttributes (162ms)
				ProcessInitializeOnLoadMethodAttributes (33ms)
				AfterProcessingInitializeOnLoad (8ms)
				EditorAssembliesLoaded (0ms)
			ExecutionOrderSort2 (0ms)
			AwakeInstancesAfterBackupRestoration (8ms)
Platform modules already initialized, skipping
Refreshing native plugins compatible for Editor in 1.70 ms, found 4 plugins.
Preloading 0 native plugins for Editor in 0.00 ms.
Unloading 4053 Unused Serialized files (Serialized files now loaded: 0)
Unloading 31 unused Assets / (189.7 KB). Loaded Objects now: 4537.
Memory consumption went from 155.3 MB to 155.1 MB.
Total: 2.995300 ms (FindLiveObjects: 0.318400 ms CreateObjectMapping: 0.091200 ms MarkObjects: 2.370900 ms  DeleteObjects: 0.213500 ms)

AssetImportParameters requested are different than current active one (requested -> active):
  custom:video-decoder-ogg-theora: a1e56fd34408186e4bbccfd4996cb3dc -> 
  custom:container-muxer-webm: aa71ff27fc2769a1b78a27578f13a17b -> 
  custom:container-demuxer-webm: 4f35f7cbe854078d1ac9338744f61a02 -> 
  custom:video-encoder-webm-vp8: eb34c28f22e8b96e1ab97ce403110664 -> 
  custom:audio-encoder-webm-vorbis: bf7c407c2cedff20999df2af8eb42d56 -> 
  custom:framework-win-MediaFoundation: 216162199b28c13a410421893ffa2e32 -> 
  custom:container-demuxer-ogg: 62fdf1f143b41e24485cea50d1cbac27 -> 
  custom:video-decoder-webm-vp8: 9c59270c3fd7afecdb556c50c9e8de78 -> 
  custom:audio-decoder-ogg-vorbis: bf7c407c2cedff20999df2af8eb42d56 -> 
========================================================================
Received Prepare
Registering precompiled user dll's ...
Registered in 0.004509 seconds.
Begin MonoManager ReloadAssembly
Symbol file LoadedFromMemory doesn't match image F:\Repos\rpg\RPG\Library\PackageCache\com.unity.visualscripting@1.7.8\Editor\VisualScripting.Core\Dependencies\YamlDotNet\Unity.VisualScripting.YamlDotNet.dll
Symbol file LoadedFromMemory doesn't match image F:\Repos\rpg\RPG\Library\PackageCache\com.unity.visualscripting@1.7.8\Editor\VisualScripting.Core\Dependencies\DotNetZip\Unity.VisualScripting.IonicZip.dll
Native extension for WindowsStandalone target not found
Native extension for Android target not found
Refreshing native plugins compatible for Editor in 1.30 ms, found 4 plugins.
Preloading 0 native plugins for Editor in 0.00 ms.
Mono: successfully reloaded assembly
- Completed reload, in  1.005 seconds
Domain Reload Profiling:
	ReloadAssembly (1006ms)
		BeginReloadAssembly (127ms)
			ExecutionOrderSort (0ms)
			DisableScriptedObjects (6ms)
			BackupInstance (0ms)
			ReleaseScriptingObjects (0ms)
			CreateAndSetChildDomain (43ms)
		EndReloadAssembly (792ms)
			LoadAssemblies (74ms)
			RebuildTransferFunctionScriptingTraits (0ms)
			SetupTypeCache (269ms)
			ReleaseScriptCaches (2ms)
			RebuildScriptCaches (44ms)
			SetupLoadedEditorAssemblies (353ms)
				LogAssemblyErrors (0ms)
				InitializePlatformSupportModulesInManaged (21ms)
				SetLoadedEditorAssemblies (1ms)
				RefreshPlugins (1ms)
				BeforeProcessingInitializeOnLoad (75ms)
				ProcessInitializeOnLoadAttributes (208ms)
				ProcessInitializeOnLoadMethodAttributes (38ms)
				AfterProcessingInitializeOnLoad (8ms)
				EditorAssembliesLoaded (0ms)
			ExecutionOrderSort2 (0ms)
			AwakeInstancesAfterBackupRestoration (12ms)
Platform modules already initialized, skipping
Refreshing native plugins compatible for Editor in 2.15 ms, found 4 plugins.
Preloading 0 native plugins for Editor in 0.00 ms.
Unloading 4053 Unused Serialized files (Serialized files now loaded: 0)
Unloading 31 unused Assets / (189.5 KB). Loaded Objects now: 4540.
Memory consumption went from 155.3 MB to 155.1 MB.
Total: 3.655100 ms (FindLiveObjects: 0.329900 ms CreateObjectMapping: 0.091500 ms MarkObjects: 2.985300 ms  DeleteObjects: 0.247100 ms)

AssetImportParameters requested are different than current active one (requested -> active):
  custom:video-decoder-ogg-theora: a1e56fd34408186e4bbccfd4996cb3dc -> 
  custom:container-muxer-webm: aa71ff27fc2769a1b78a27578f13a17b -> 
  custom:container-demuxer-webm: 4f35f7cbe854078d1ac9338744f61a02 -> 
  custom:video-encoder-webm-vp8: eb34c28f22e8b96e1ab97ce403110664 -> 
  custom:audio-encoder-webm-vorbis: bf7c407c2cedff20999df2af8eb42d56 -> 
  custom:framework-win-MediaFoundation: 216162199b28c13a410421893ffa2e32 -> 
  custom:container-demuxer-ogg: 62fdf1f143b41e24485cea50d1cbac27 -> 
  custom:video-decoder-webm-vp8: 9c59270c3fd7afecdb556c50c9e8de78 -> 
  custom:audio-decoder-ogg-vorbis: bf7c407c2cedff20999df2af8eb42d56 -> 
